2018-05-08 00:20:16,532 INFO: Crawl:邛崃市 阳光里（5月9日开始登记） result:send_email [in F:/python/spider_fxw/spider.py:57]
2018-05-08 00:20:37,531 INFO: Crawl:新都区 东湖郡（5月8日开始登记） result:send_email [in F:/python/spider_fxw/spider.py:57]
2018-05-08 00:20:58,545 INFO: Crawl:龙泉驿区 百悦142项目二期 result:send_email [in F:/python/spider_fxw/spider.py:57]
2018-05-08 00:21:19,548 INFO: Crawl:彭州市 天立·世纪华府(11号楼) result:send_email [in F:/python/spider_fxw/spider.py:57]
2018-05-08 00:21:40,560 INFO: Crawl:郫都区 万科理想城B地块（5月7日开始登记） result:send_email [in F:/python/spider_fxw/spider.py:57]
2018-05-08 00:22:01,561 INFO: Crawl:天府新区 奥园公园府邸 result:send_email [in F:/python/spider_fxw/spider.py:57]
2018-05-08 00:22:22,589 INFO: Crawl:青白江区 瀚城新天地项目 result:send_email [in F:/python/spider_fxw/spider.py:57]
2018-05-08 00:22:32,469 INFO: Crawl:邛崃市 阳光里（5月9日开始登记） result:send_email [in F:/python/spider_fxw/spider.py:57]
2018-05-08 00:22:40,862 INFO: Crawl:邛崃市 阳光里（5月9日开始登记） result:send_email [in F:/python/spider_fxw/spider.py:57]
2018-05-08 01:36:14,931 ERROR: (553, b'Envolope sender mismatch with header from..') [in spider.py:86]
2018-05-08 01:36:24,010 ERROR: (553, b'Envolope sender mismatch with header from..') [in spider.py:86]
2018-05-08 01:39:59,156 ERROR: (553, b'Envolope sender mismatch with header from..') [in spider.py:86]
2018-05-08 01:40:28,858 ERROR: (553, b'Envolope sender mismatch with header from..') [in spider.py:86]
2018-05-08 01:41:10,229 ERROR: (553, b'Envolope sender mismatch with header from..') [in spider.py:86]
2018-05-08 01:42:30,295 ERROR: (553, b'Envolope sender mismatch with header from..') [in spider.py:86]
2018-05-08 01:42:50,297 ERROR: (553, b'Envolope sender mismatch with header from..') [in spider.py:86]
2018-05-08 01:46:55,200 ERROR: (553, b'Envolope sender mismatch with header from..') [in spider.py:86]
2018-05-08 01:47:44,418 ERROR: (553, b'Envolope sender mismatch with header from..') [in spider.py:86]
2018-05-08 01:48:55,435 ERROR: (553, b'Envolope sender mismatch with header from..') [in spider.py:86]
2018-05-08 01:58:03,437 INFO: Crawl:邛崃市 阳光里（5月9日开始登记） result:send_email [in E:/python/spider_fxw/spider.py:58]
2018-05-08 01:58:06,337 INFO: send_email success [in E:/python/spider_fxw/spider.py:61]
2018-05-08 01:58:06,337 INFO: Crawl:新都区 东湖郡（5月8日开始登记） result:send_email [in E:/python/spider_fxw/spider.py:58]
2018-05-08 01:58:07,146 INFO: send_email success [in E:/python/spider_fxw/spider.py:61]
2018-05-08 01:58:07,147 INFO: Crawl:龙泉驿区 百悦142项目二期 result:send_email [in E:/python/spider_fxw/spider.py:58]
2018-05-08 01:58:08,020 INFO: send_email success [in E:/python/spider_fxw/spider.py:61]
2018-05-08 01:58:08,021 INFO: Crawl:彭州市 天立·世纪华府(11号楼) result:send_email [in E:/python/spider_fxw/spider.py:58]
2018-05-08 01:58:08,926 INFO: send_email success [in E:/python/spider_fxw/spider.py:61]
2018-05-08 01:58:08,926 INFO: Crawl:郫都区 万科理想城B地块（5月7日开始登记） result:send_email [in E:/python/spider_fxw/spider.py:58]
2018-05-08 01:58:09,855 INFO: send_email success [in E:/python/spider_fxw/spider.py:61]
2018-05-08 01:58:09,856 INFO: Crawl:天府新区 奥园公园府邸 result:send_email [in E:/python/spider_fxw/spider.py:58]
2018-05-08 01:58:10,725 INFO: send_email success [in E:/python/spider_fxw/spider.py:61]
2018-05-08 01:58:10,725 INFO: Crawl:青白江区 瀚城新天地项目 result:send_email [in E:/python/spider_fxw/spider.py:58]
2018-05-08 01:58:11,452 INFO: send_email success [in E:/python/spider_fxw/spider.py:61]
2018-05-08 01:58:11,453 INFO: Crawl:崇州市 恒昌·宫保里 result:send_email [in E:/python/spider_fxw/spider.py:58]
2018-05-08 01:58:12,393 INFO: send_email success [in E:/python/spider_fxw/spider.py:61]
2018-05-08 01:58:12,393 INFO: Crawl:金堂县 观岭国际社区锦绣香江一期二批次(住宅)（5月5日开始登记） result:send_email [in E:/python/spider_fxw/spider.py:58]
2018-05-08 01:58:13,287 INFO: send_email success [in E:/python/spider_fxw/spider.py:61]
2018-05-08 01:58:13,287 INFO: Crawl:温江区 佳年华·新生活A区三期（5月4日开始登记） result:send_email [in E:/python/spider_fxw/spider.py:58]
2018-05-08 01:58:13,966 INFO: send_email success [in E:/python/spider_fxw/spider.py:61]
2018-05-08 01:58:13,966 INFO: Crawl:天府新区 中海锦江城（5月2日开始登记） result:send_email [in E:/python/spider_fxw/spider.py:58]
2018-05-08 01:58:14,615 INFO: send_email success [in E:/python/spider_fxw/spider.py:61]
2018-05-08 01:58:14,615 INFO: Crawl:龙泉驿区 龙都国际二期（5月2日开始登记） result:send_email [in E:/python/spider_fxw/spider.py:58]
2018-05-08 01:58:15,345 INFO: send_email success [in E:/python/spider_fxw/spider.py:61]
2018-05-08 01:58:15,346 INFO: Crawl:成华区 青秀名邸（5月2日开始登记） result:send_email [in E:/python/spider_fxw/spider.py:58]
2018-05-08 01:58:16,320 INFO: send_email success [in E:/python/spider_fxw/spider.py:61]
2018-05-08 01:58:16,320 INFO: Crawl:新都区 保利·拉斐二期（5月2日开始登记） result:send_email [in E:/python/spider_fxw/spider.py:58]
2018-05-08 01:58:17,016 INFO: send_email success [in E:/python/spider_fxw/spider.py:61]
2018-05-08 01:58:17,016 INFO: Crawl:双流区 成都远大林语城南地块三期（5月2日开始登记） result:send_email [in E:/python/spider_fxw/spider.py:58]
2018-05-08 01:58:18,129 INFO: send_email success [in E:/python/spider_fxw/spider.py:61]
2018-05-08 01:58:28,655 INFO: Crawl:邛崃市 阳光里（5月9日开始登记） result:pass [in E:/python/spider_fxw/spider.py:56]
2018-05-08 01:58:28,655 INFO: Crawl:新都区 东湖郡（5月8日开始登记） result:pass [in E:/python/spider_fxw/spider.py:56]
2018-05-08 01:58:28,655 INFO: Crawl:龙泉驿区 百悦142项目二期 result:pass [in E:/python/spider_fxw/spider.py:56]
2018-05-08 01:58:28,656 INFO: Crawl:彭州市 天立·世纪华府(11号楼) result:pass [in E:/python/spider_fxw/spider.py:56]
2018-05-08 01:58:28,656 INFO: Crawl:郫都区 万科理想城B地块（5月7日开始登记） result:pass [in E:/python/spider_fxw/spider.py:56]
2018-05-08 01:58:28,656 INFO: Crawl:天府新区 奥园公园府邸 result:pass [in E:/python/spider_fxw/spider.py:56]
2018-05-08 01:58:28,656 INFO: Crawl:青白江区 瀚城新天地项目 result:pass [in E:/python/spider_fxw/spider.py:56]
2018-05-08 01:58:28,656 INFO: Crawl:崇州市 恒昌·宫保里 result:pass [in E:/python/spider_fxw/spider.py:56]
2018-05-08 01:58:28,656 INFO: Crawl:金堂县 观岭国际社区锦绣香江一期二批次(住宅)（5月5日开始登记） result:pass [in E:/python/spider_fxw/spider.py:56]
2018-05-08 01:58:28,657 INFO: Crawl:温江区 佳年华·新生活A区三期（5月4日开始登记） result:pass [in E:/python/spider_fxw/spider.py:56]
2018-05-08 01:58:28,657 INFO: Crawl:天府新区 中海锦江城（5月2日开始登记） result:pass [in E:/python/spider_fxw/spider.py:56]
2018-05-08 01:58:28,657 INFO: Crawl:龙泉驿区 龙都国际二期（5月2日开始登记） result:pass [in E:/python/spider_fxw/spider.py:56]
2018-05-08 01:58:28,657 INFO: Crawl:成华区 青秀名邸（5月2日开始登记） result:pass [in E:/python/spider_fxw/spider.py:56]
2018-05-08 01:58:28,657 INFO: Crawl:新都区 保利·拉斐二期（5月2日开始登记） result:pass [in E:/python/spider_fxw/spider.py:56]
2018-05-08 01:58:28,658 INFO: Crawl:双流区 成都远大林语城南地块三期（5月2日开始登记） result:pass [in E:/python/spider_fxw/spider.py:56]
2018-05-08 01:59:00,312 INFO: Crawl:邛崃市 阳光里（5月9日开始登记） result:pass [in E:/python/spider_fxw/spider.py:56]
2018-05-08 01:59:00,313 INFO: Crawl:新都区 东湖郡（5月8日开始登记） result:pass [in E:/python/spider_fxw/spider.py:56]
2018-05-08 01:59:00,313 INFO: Crawl:龙泉驿区 百悦142项目二期 result:pass [in E:/python/spider_fxw/spider.py:56]
2018-05-08 01:59:00,313 INFO: Crawl:彭州市 天立·世纪华府(11号楼) result:pass [in E:/python/spider_fxw/spider.py:56]
2018-05-08 01:59:00,313 INFO: Crawl:郫都区 万科理想城B地块（5月7日开始登记） result:pass [in E:/python/spider_fxw/spider.py:56]
2018-05-08 01:59:00,313 INFO: Crawl:天府新区 奥园公园府邸 result:pass [in E:/python/spider_fxw/spider.py:56]
2018-05-08 01:59:00,314 INFO: Crawl:青白江区 瀚城新天地项目 result:pass [in E:/python/spider_fxw/spider.py:56]
2018-05-08 01:59:00,314 INFO: Crawl:崇州市 恒昌·宫保里 result:pass [in E:/python/spider_fxw/spider.py:56]
2018-05-08 01:59:00,314 INFO: Crawl:金堂县 观岭国际社区锦绣香江一期二批次(住宅)（5月5日开始登记） result:pass [in E:/python/spider_fxw/spider.py:56]
2018-05-08 01:59:00,314 INFO: Crawl:温江区 佳年华·新生活A区三期（5月4日开始登记） result:pass [in E:/python/spider_fxw/spider.py:56]
2018-05-08 01:59:00,314 INFO: Crawl:天府新区 中海锦江城（5月2日开始登记） result:pass [in E:/python/spider_fxw/spider.py:56]
2018-05-08 01:59:00,314 INFO: Crawl:龙泉驿区 龙都国际二期（5月2日开始登记） result:pass [in E:/python/spider_fxw/spider.py:56]
2018-05-08 01:59:00,314 INFO: Crawl:成华区 青秀名邸（5月2日开始登记） result:pass [in E:/python/spider_fxw/spider.py:56]
2018-05-08 01:59:00,315 INFO: Crawl:新都区 保利·拉斐二期（5月2日开始登记） result:pass [in E:/python/spider_fxw/spider.py:56]
2018-05-08 01:59:00,315 INFO: Crawl:双流区 成都远大林语城南地块三期（5月2日开始登记） result:pass [in E:/python/spider_fxw/spider.py:56]
2018-05-08 01:59:08,912 INFO: Crawl:邛崃市 阳光里（5月9日开始登记） result:send_email [in E:/python/spider_fxw/spider.py:58]
2018-05-08 01:59:09,823 INFO: send_email success [in E:/python/spider_fxw/spider.py:61]
2018-05-08 01:59:09,823 INFO: Crawl:新都区 东湖郡（5月8日开始登记） result:send_email [in E:/python/spider_fxw/spider.py:58]
2018-05-08 01:59:10,600 INFO: send_email success [in E:/python/spider_fxw/spider.py:61]
2018-05-08 01:59:10,600 INFO: Crawl:龙泉驿区 百悦142项目二期 result:send_email [in E:/python/spider_fxw/spider.py:58]
2018-05-08 01:59:11,470 INFO: send_email success [in E:/python/spider_fxw/spider.py:61]
2018-05-08 01:59:11,470 INFO: Crawl:彭州市 天立·世纪华府(11号楼) result:send_email [in E:/python/spider_fxw/spider.py:58]
2018-05-08 01:59:12,397 INFO: send_email success [in E:/python/spider_fxw/spider.py:61]
2018-05-08 01:59:12,398 INFO: Crawl:郫都区 万科理想城B地块（5月7日开始登记） result:send_email [in E:/python/spider_fxw/spider.py:58]
2018-05-08 01:59:13,286 INFO: send_email success [in E:/python/spider_fxw/spider.py:61]
2018-05-08 01:59:13,286 INFO: Crawl:天府新区 奥园公园府邸 result:send_email [in E:/python/spider_fxw/spider.py:58]
2018-05-08 01:59:14,047 INFO: send_email success [in E:/python/spider_fxw/spider.py:61]
2018-05-08 01:59:14,048 INFO: Crawl:青白江区 瀚城新天地项目 result:send_email [in E:/python/spider_fxw/spider.py:58]
2018-05-08 01:59:14,735 INFO: send_email success [in E:/python/spider_fxw/spider.py:61]
2018-05-08 01:59:14,736 INFO: Crawl:崇州市 恒昌·宫保里 result:send_email [in E:/python/spider_fxw/spider.py:58]
2018-05-08 01:59:15,677 ERROR: (550, b'Sender frequency limited.') [in E:/python/spider_fxw/spider.py:86]
2018-05-08 01:59:15,678 INFO: send_email error [in E:/python/spider_fxw/spider.py:63]
2018-05-08 01:59:15,678 INFO: Crawl:金堂县 观岭国际社区锦绣香江一期二批次(住宅)（5月5日开始登记） result:send_email [in E:/python/spider_fxw/spider.py:58]
2018-05-08 01:59:16,193 ERROR: (550, b'Sender frequency limited.') [in E:/python/spider_fxw/spider.py:86]
2018-05-08 01:59:16,193 INFO: send_email error [in E:/python/spider_fxw/spider.py:63]
2018-05-08 01:59:16,194 INFO: Crawl:温江区 佳年华·新生活A区三期（5月4日开始登记） result:send_email [in E:/python/spider_fxw/spider.py:58]
2018-05-08 01:59:16,909 ERROR: (550, b'Sender frequency limited.') [in E:/python/spider_fxw/spider.py:86]
2018-05-08 01:59:16,909 INFO: send_email error [in E:/python/spider_fxw/spider.py:63]
2018-05-08 01:59:16,910 INFO: Crawl:天府新区 中海锦江城（5月2日开始登记） result:send_email [in E:/python/spider_fxw/spider.py:58]
2018-05-08 01:59:17,584 ERROR: (550, b'Sender frequency limited.') [in E:/python/spider_fxw/spider.py:86]
2018-05-08 01:59:17,584 INFO: send_email error [in E:/python/spider_fxw/spider.py:63]
2018-05-08 01:59:17,584 INFO: Crawl:龙泉驿区 龙都国际二期（5月2日开始登记） result:send_email [in E:/python/spider_fxw/spider.py:58]
2018-05-08 01:59:18,415 ERROR: (550, b'Sender frequency limited.') [in E:/python/spider_fxw/spider.py:86]
2018-05-08 01:59:18,415 INFO: send_email error [in E:/python/spider_fxw/spider.py:63]
2018-05-08 01:59:18,416 INFO: Crawl:成华区 青秀名邸（5月2日开始登记） result:send_email [in E:/python/spider_fxw/spider.py:58]
2018-05-08 01:59:19,246 ERROR: (550, b'Sender frequency limited.') [in E:/python/spider_fxw/spider.py:86]
2018-05-08 01:59:19,247 INFO: send_email error [in E:/python/spider_fxw/spider.py:63]
2018-05-08 01:59:19,247 INFO: Crawl:新都区 保利·拉斐二期（5月2日开始登记） result:send_email [in E:/python/spider_fxw/spider.py:58]
2018-05-08 01:59:20,000 ERROR: (550, b'Sender frequency limited.') [in E:/python/spider_fxw/spider.py:86]
2018-05-08 01:59:20,000 INFO: send_email error [in E:/python/spider_fxw/spider.py:63]
2018-05-08 01:59:20,001 INFO: Crawl:双流区 成都远大林语城南地块三期（5月2日开始登记） result:send_email [in E:/python/spider_fxw/spider.py:58]
2018-05-08 01:59:20,725 ERROR: (550, b'Sender frequency limited.') [in E:/python/spider_fxw/spider.py:86]
2018-05-08 01:59:20,726 INFO: send_email error [in E:/python/spider_fxw/spider.py:63]
2018-05-08 02:07:00,499 ERROR: (550, b'Sender frequency limited.') [in E:/python/spider_fxw/spider.py:86]
2018-05-08 02:07:08,864 ERROR: (550, b'Sender frequency limited.') [in E:/python/spider_fxw/spider.py:86]
2018-05-08 02:07:31,533 ERROR: (550, b'Sender frequency limited.') [in E:/python/spider_fxw/spider.py:86]
2018-05-08 02:11:11,528 INFO: Crawl:邛崃市|阳光里（5月9日开始登记）  result:pass [in E:/python/spider_fxw/spider.py:56]
2018-05-08 02:11:11,528 INFO: Crawl:新都区|东湖郡（5月8日开始登记）  result:pass [in E:/python/spider_fxw/spider.py:56]
2018-05-08 02:11:11,528 INFO: Crawl:龙泉驿区|百悦142项目二期  result:pass [in E:/python/spider_fxw/spider.py:56]
2018-05-08 02:11:11,529 INFO: Crawl:彭州市|天立·世纪华府(11号楼)  result:pass [in E:/python/spider_fxw/spider.py:56]
2018-05-08 02:11:11,529 INFO: Crawl:郫都区|万科理想城B地块（5月7日开始登记）  result:pass [in E:/python/spider_fxw/spider.py:56]
2018-05-08 02:11:11,529 INFO: Crawl:天府新区|奥园公园府邸  result:pass [in E:/python/spider_fxw/spider.py:56]
2018-05-08 02:11:11,529 INFO: Crawl:青白江区|瀚城新天地项目  result:pass [in E:/python/spider_fxw/spider.py:56]
2018-05-08 02:11:11,529 INFO: Crawl:崇州市|恒昌·宫保里  result:pass [in E:/python/spider_fxw/spider.py:56]
2018-05-08 02:11:11,529 INFO: Crawl:金堂县|观岭国际社区锦绣香江一期二批次(住宅)（5月5日开始登记）  result:pass [in E:/python/spider_fxw/spider.py:56]
2018-05-08 02:11:11,530 INFO: Crawl:温江区|佳年华·新生活A区三期（5月4日开始登记）  result:pass [in E:/python/spider_fxw/spider.py:56]
2018-05-08 02:11:11,530 INFO: Crawl:天府新区|中海锦江城（5月2日开始登记）  result:pass [in E:/python/spider_fxw/spider.py:56]
2018-05-08 02:11:11,530 INFO: Crawl:龙泉驿区|龙都国际二期（5月2日开始登记）  result:pass [in E:/python/spider_fxw/spider.py:56]
2018-05-08 02:11:11,530 INFO: Crawl:成华区|青秀名邸（5月2日开始登记）  result:pass [in E:/python/spider_fxw/spider.py:56]
2018-05-08 02:11:11,530 INFO: Crawl:新都区|保利·拉斐二期（5月2日开始登记）  result:pass [in E:/python/spider_fxw/spider.py:56]
2018-05-08 02:11:11,530 INFO: Crawl:双流区|成都远大林语城南地块三期（5月2日开始登记）  result:pass [in E:/python/spider_fxw/spider.py:56]
2018-05-08 02:11:23,827 ERROR: (550, b'Sender frequency limited.') [in E:/python/spider_fxw/spider.py:86]
2018-05-08 02:12:09,463 ERROR: (550, b'Sender frequency limited.') [in E:/python/spider_fxw/spider.py:86]
2018-05-08 21:00:38,934 INFO: connecting smtp.sina.com [in E:/python/spider_fxw/spider.py:89]
2018-05-08 21:00:40,254 INFO: connect smtp.sina.com ret:220 b'smtp-2-32.smtpsmail.fmail.yf.sinanode.com ESMTP' [in E:/python/spider_fxw/spider.py:95]
2018-05-08 21:04:48,421 INFO: connecting smtp.sina.com [in E:/python/spider_fxw/spider.py:84]
2018-05-08 21:04:48,897 INFO: connect smtp.sina.com ret:220 b'smtp-2-33.smtpsmail.fmail.yf.sinanode.com ESMTP' [in E:/python/spider_fxw/spider.py:90]
2018-05-08 21:04:49,319 INFO: login smtp.sina.com ret:235 b'OK Authenticated' [in E:/python/spider_fxw/spider.py:93]
2018-05-08 21:08:31,912 INFO: connecting smtp.sina.com [in E:/python/spider_fxw/spider.py:84]
2018-05-08 21:08:32,299 INFO: connect smtp.sina.com ret:220 服务就绪 [in E:/python/spider_fxw/spider.py:91]
2018-05-08 21:08:32,697 INFO: connect smtp.sina.com 235:登录成功 [in E:/python/spider_fxw/spider.py:97]
2018-05-08 21:40:34,195 INFO: 连接服务器 smtp.sina.com [in E:/python/spider_fxw/spider.py:83]
2018-05-08 21:40:34,615 INFO: 连接服务器 服务就绪 [in E:/python/spider_fxw/spider.py:90]
2018-05-08 21:40:58,192 INFO: 连接服务器  mail.gmx.com [in E:/python/spider_fxw/spider.py:104]
2018-05-08 21:41:36,423 INFO: 连接服务器  mail.gmx.com [in E:/python/spider_fxw/spider.py:104]
2018-05-08 21:41:36,861 INFO: 连接服务器 错误:554 b'gmx.com (mrgmx103) Nemesis ESMTP Service not available\nNo SMTP service\nIP address is black listed.' [in E:/python/spider_fxw/spider.py:113]
2018-05-08 21:42:21,970 INFO: 连接服务器  mail.gmx.com [in E:/python/spider_fxw/spider.py:104]
2018-05-08 21:54:06,715 INFO: 连接服务器 smtp.sina.com [in E:/python/spider_fxw/spider.py:84]
2018-05-08 21:54:07,966 INFO: 连接服务器 服务就绪 [in E:/python/spider_fxw/spider.py:92]
2018-05-08 21:54:08,131 INFO: 登录成功235 [in E:/python/spider_fxw/spider.py:97]
2018-05-08 21:54:08,132 INFO: 测试成功：pywechat@sina.com [in E:/python/spider_fxw/spider.py:102]
2018-05-08 21:54:45,575 INFO: 连接服务器 smtp.sina.com [in E:/python/spider_fxw/spider.py:84]
2018-05-08 21:54:46,094 INFO: 连接服务器 服务就绪 [in E:/python/spider_fxw/spider.py:92]
2018-05-08 21:54:46,518 INFO: 登录成功 [in E:/python/spider_fxw/spider.py:97]
2018-05-08 21:54:46,518 INFO: 测试成功：pywechat@sina.com [in E:/python/spider_fxw/spider.py:102]
2018-05-08 21:54:46,518 INFO: 连接服务器  mail.gmx.com [in E:/python/spider_fxw/spider.py:84]
2018-05-08 21:54:46,520 INFO: 连接服务器失败[Errno 11001] getaddrinfo failed [in E:/python/spider_fxw/spider.py:106]
2018-05-08 21:55:22,786 INFO: 连接服务器 smtp.sina.com [in E:/python/spider_fxw/spider.py:84]
2018-05-08 21:55:23,296 INFO: 连接服务器 服务就绪 [in E:/python/spider_fxw/spider.py:92]
2018-05-08 21:55:23,584 INFO: 登录成功 [in E:/python/spider_fxw/spider.py:97]
2018-05-08 21:55:23,584 INFO: 测试成功：pywechat@sina.com [in E:/python/spider_fxw/spider.py:102]
2018-05-08 21:55:23,585 INFO: 连接服务器 mail.gmx.com [in E:/python/spider_fxw/spider.py:84]
2018-05-08 21:55:24,068 INFO: 连接服务器 错误:554 b'gmx.com (mrgmx001) Nemesis ESMTP Service not available\nNo SMTP service\nIP address is black listed.' [in E:/python/spider_fxw/spider.py:94]
2018-05-08 21:55:24,069 INFO: 连接服务器失败Connection unexpectedly closed [in E:/python/spider_fxw/spider.py:106]
2018-05-08 21:55:49,476 INFO: 连接服务器 smtp.sina.com [in E:/python/spider_fxw/spider.py:84]
2018-05-08 21:55:49,890 INFO: 连接服务器 服务就绪 [in E:/python/spider_fxw/spider.py:92]
2018-05-08 21:55:50,234 INFO: 登录成功 [in E:/python/spider_fxw/spider.py:97]
2018-05-08 21:55:50,234 INFO: 测试成功：pywechat@sina.com [in E:/python/spider_fxw/spider.py:102]
2018-05-08 21:55:50,234 INFO: 连接服务器 smtp.gmx.com [in E:/python/spider_fxw/spider.py:84]
2018-05-08 21:55:50,690 INFO: 连接服务器 错误:554 b'gmx.com (mrgmx103) Nemesis ESMTP Service not available\nNo SMTP service\nIP address is black listed.' [in E:/python/spider_fxw/spider.py:94]
2018-05-08 21:55:50,690 INFO: 连接服务器失败Connection unexpectedly closed [in E:/python/spider_fxw/spider.py:106]
2018-05-08 22:16:50,291 INFO: 连接服务器 smtp.gmail.com [in E:/python/spider_fxw/spider.py:84]
2018-05-08 22:16:50,520 INFO: 连接服务器 服务就绪 [in E:/python/spider_fxw/spider.py:92]
2018-05-08 22:16:50,678 INFO: 连接服务器失败Connection unexpectedly closed [in E:/python/spider_fxw/spider.py:106]
2018-05-08 22:16:50,678 INFO: 连接服务器 smtp.sina.com [in E:/python/spider_fxw/spider.py:84]
2018-05-08 22:16:51,081 INFO: 连接服务器 服务就绪 [in E:/python/spider_fxw/spider.py:92]
2018-05-08 22:16:51,500 INFO: 登录成功 [in E:/python/spider_fxw/spider.py:97]
2018-05-08 22:16:51,500 INFO: 测试成功：pywechat@sina.com [in E:/python/spider_fxw/spider.py:102]
2018-05-08 22:16:51,501 INFO: 连接服务器 mail.gmx.com [in E:/python/spider_fxw/spider.py:84]
2018-05-08 22:16:52,218 INFO: 连接服务器 错误:554 b'gmx.com (mrgmx101) Nemesis ESMTP Service not available\nNo SMTP service\nIP address is black listed.' [in E:/python/spider_fxw/spider.py:94]
2018-05-08 22:16:52,220 INFO: 连接服务器失败Connection unexpectedly closed [in E:/python/spider_fxw/spider.py:106]
2018-05-08 22:28:08,641 INFO: 连接服务器 smtp.qq.com [in E:/python/spider_fxw/spider.py:84]
2018-05-08 22:28:08,685 INFO: 连接服务器 服务就绪 [in E:/python/spider_fxw/spider.py:92]
2018-05-08 22:28:08,731 INFO: 连接服务器失败Connection unexpectedly closed [in E:/python/spider_fxw/spider.py:106]
2018-05-08 22:28:08,731 INFO: 连接服务器 smtp.gmail.com [in E:/python/spider_fxw/spider.py:84]
2018-05-08 22:28:08,964 INFO: 连接服务器 服务就绪 [in E:/python/spider_fxw/spider.py:92]
2018-05-08 22:28:09,122 INFO: 连接服务器失败Connection unexpectedly closed [in E:/python/spider_fxw/spider.py:106]
2018-05-08 22:28:09,123 INFO: 连接服务器 smtp.sina.com [in E:/python/spider_fxw/spider.py:84]
2018-05-08 22:28:10,312 INFO: 连接服务器 服务就绪 [in E:/python/spider_fxw/spider.py:92]
2018-05-08 22:28:10,571 INFO: 登录成功 [in E:/python/spider_fxw/spider.py:97]
2018-05-08 22:28:10,572 INFO: 测试成功：pywechat@sina.com [in E:/python/spider_fxw/spider.py:102]
2018-05-08 22:28:10,572 INFO: 连接服务器 mail.gmx.com [in E:/python/spider_fxw/spider.py:84]
2018-05-08 22:28:11,077 INFO: 连接服务器 错误:554 b'gmx.com (mrgmx003) Nemesis ESMTP Service not available\nNo SMTP service\nIP address is black listed.' [in E:/python/spider_fxw/spider.py:94]
2018-05-08 22:28:11,078 INFO: 连接服务器失败Connection unexpectedly closed [in E:/python/spider_fxw/spider.py:106]
2018-05-08 22:29:12,883 INFO: 连接服务器 smtp.qq.com [in E:/python/spider_fxw/spider.py:84]
2018-05-08 22:29:12,907 INFO: 连接服务器 服务就绪 [in E:/python/spider_fxw/spider.py:92]
2018-05-08 22:31:28,076 INFO: 连接服务器 smtp.qq.com [in E:/python/spider_fxw/spider.py:84]
2018-05-08 22:31:28,101 INFO: 连接服务器 服务就绪 [in E:/python/spider_fxw/spider.py:92]
2018-05-08 22:31:29,810 INFO: 测试服务器失败Connection unexpectedly closed [in E:/python/spider_fxw/spider.py:107]
2018-05-08 22:31:29,814 INFO: 连接服务器 smtp.gmail.com [in E:/python/spider_fxw/spider.py:84]
2018-05-08 22:31:30,015 INFO: 连接服务器 服务就绪 [in E:/python/spider_fxw/spider.py:92]
2018-05-08 22:31:30,179 INFO: 测试服务器失败Connection unexpectedly closed [in E:/python/spider_fxw/spider.py:107]
2018-05-08 22:31:30,181 INFO: 连接服务器 smtp.sina.com [in E:/python/spider_fxw/spider.py:84]
2018-05-08 22:31:30,558 INFO: 连接服务器 服务就绪 [in E:/python/spider_fxw/spider.py:92]
2018-05-08 22:36:23,039 INFO: ============================================= [in E:/python/spider_fxw/spider.py:84]
2018-05-08 22:36:23,040 INFO: 连接服务器 smtp.qq.com [in E:/python/spider_fxw/spider.py:85]
2018-05-08 22:36:23,062 INFO: 连接服务器 服务就绪 [in E:/python/spider_fxw/spider.py:93]
2018-05-08 22:36:23,100 INFO: 测试服务器失败Connection unexpectedly closed [in E:/python/spider_fxw/spider.py:108]
2018-05-08 22:36:23,100 INFO: ============================================= [in E:/python/spider_fxw/spider.py:109]
2018-05-08 22:36:23,100 INFO: ============================================= [in E:/python/spider_fxw/spider.py:84]
2018-05-08 22:36:23,101 INFO: 连接服务器 smtp.gmail.com [in E:/python/spider_fxw/spider.py:85]
2018-05-08 22:37:05,109 INFO: 测试服务器失败[WinError 10060] 由于连接方在一段时间后没有正确答复或连接的主机没有反应，连接尝试失败。 [in E:/python/spider_fxw/spider.py:108]
2018-05-08 22:37:05,109 INFO: ============================================= [in E:/python/spider_fxw/spider.py:109]
2018-05-08 22:37:05,109 INFO: ============================================= [in E:/python/spider_fxw/spider.py:84]
2018-05-08 22:37:05,110 INFO: 连接服务器 smtp.sina.com [in E:/python/spider_fxw/spider.py:85]
2018-05-08 22:37:06,627 INFO: 连接服务器 服务就绪 [in E:/python/spider_fxw/spider.py:93]
2018-05-08 22:37:06,935 INFO: 登录成功 [in E:/python/spider_fxw/spider.py:98]
2018-05-08 22:37:06,936 INFO: 测试成功：pywechat@sina.com [in E:/python/spider_fxw/spider.py:103]
2018-05-08 22:37:06,936 INFO: ============================================= [in E:/python/spider_fxw/spider.py:104]
2018-05-08 22:37:06,936 INFO: ============================================= [in E:/python/spider_fxw/spider.py:84]
2018-05-08 22:37:06,937 INFO: 连接服务器 mail.gmx.com [in E:/python/spider_fxw/spider.py:85]
2018-05-08 22:37:07,499 INFO: 连接服务器 错误:554 b'gmx.com (mrgmx002) Nemesis ESMTP Service not available\nNo SMTP service\nIP address is black listed.' [in E:/python/spider_fxw/spider.py:95]
2018-05-08 22:37:07,499 INFO: 测试服务器失败Connection unexpectedly closed [in E:/python/spider_fxw/spider.py:108]
2018-05-08 22:37:07,500 INFO: ============================================= [in E:/python/spider_fxw/spider.py:109]
2018-05-08 22:42:09,599 INFO: ============================================= [in E:/python/spider_fxw/spider.py:84]
2018-05-08 22:42:09,599 INFO: 连接服务器 smtp.qq.com [in E:/python/spider_fxw/spider.py:85]
2018-05-08 22:42:09,633 INFO: 连接服务器 服务就绪 [in E:/python/spider_fxw/spider.py:93]
2018-05-08 22:42:09,677 INFO: 测试服务器失败Connection unexpectedly closed [in E:/python/spider_fxw/spider.py:107]
2018-05-08 22:42:09,677 INFO: ============================================= [in E:/python/spider_fxw/spider.py:84]
2018-05-08 22:42:09,677 INFO: 连接服务器 smtp.gmail.com [in E:/python/spider_fxw/spider.py:85]
2018-05-08 22:42:09,874 INFO: 连接服务器 服务就绪 [in E:/python/spider_fxw/spider.py:93]
2018-05-08 22:42:10,034 INFO: 测试服务器失败Connection unexpectedly closed [in E:/python/spider_fxw/spider.py:107]
2018-05-08 22:42:10,034 INFO: ============================================= [in E:/python/spider_fxw/spider.py:84]
2018-05-08 22:42:10,034 INFO: 连接服务器 smtp.sina.com [in E:/python/spider_fxw/spider.py:85]
2018-05-08 22:42:10,589 INFO: 连接服务器 服务就绪 [in E:/python/spider_fxw/spider.py:93]
2018-05-08 22:42:10,804 INFO: 登录成功 [in E:/python/spider_fxw/spider.py:98]
2018-05-08 22:42:10,804 INFO: 测试成功：pywechat@sina.com [in E:/python/spider_fxw/spider.py:103]
2018-05-08 22:42:10,805 INFO: ============================================= [in E:/python/spider_fxw/spider.py:84]
2018-05-08 22:42:10,805 INFO: 连接服务器 mail.gmx.com [in E:/python/spider_fxw/spider.py:85]
2018-05-08 22:42:11,560 INFO: 连接服务器 错误:554 b'gmx.com (mrgmx003) Nemesis ESMTP Service not available\nNo SMTP service\nIP address is black listed.' [in E:/python/spider_fxw/spider.py:95]
2018-05-08 22:42:11,561 INFO: 测试服务器失败Connection unexpectedly closed [in E:/python/spider_fxw/spider.py:107]
2018-05-08 22:43:18,687 INFO: ============================================= [in E:/python/spider_fxw/spider.py:84]
2018-05-08 22:43:18,687 INFO: 连接服务器 smtp.qq.com [in E:/python/spider_fxw/spider.py:85]
2018-05-08 22:43:18,899 INFO: 测试服务器失败[SSL: UNKNOWN_PROTOCOL] unknown protocol (_ssl.c:777) [in E:/python/spider_fxw/spider.py:107]
2018-05-08 22:43:18,900 INFO: ============================================= [in E:/python/spider_fxw/spider.py:84]
2018-05-08 22:43:18,900 INFO: 连接服务器 smtp.gmail.com [in E:/python/spider_fxw/spider.py:85]
2018-05-08 22:43:19,094 INFO: 测试服务器失败[SSL: UNKNOWN_PROTOCOL] unknown protocol (_ssl.c:777) [in E:/python/spider_fxw/spider.py:107]
2018-05-08 22:43:19,094 INFO: ============================================= [in E:/python/spider_fxw/spider.py:84]
2018-05-08 22:43:19,094 INFO: 连接服务器 smtp.sina.com [in E:/python/spider_fxw/spider.py:85]
2018-05-08 22:43:19,463 INFO: 测试服务器失败[SSL: UNKNOWN_PROTOCOL] unknown protocol (_ssl.c:777) [in E:/python/spider_fxw/spider.py:107]
2018-05-08 22:43:19,463 INFO: ============================================= [in E:/python/spider_fxw/spider.py:84]
2018-05-08 22:43:19,464 INFO: 连接服务器 mail.gmx.com [in E:/python/spider_fxw/spider.py:85]
2018-05-08 22:43:19,925 INFO: 测试服务器失败[SSL: UNKNOWN_PROTOCOL] unknown protocol (_ssl.c:777) [in E:/python/spider_fxw/spider.py:107]
2018-05-08 22:43:53,207 INFO: ============================================= [in E:/python/spider_fxw/spider.py:84]
2018-05-08 22:43:53,207 INFO: 连接服务器 smtp.qq.com [in E:/python/spider_fxw/spider.py:85]
2018-05-08 22:43:56,484 INFO: 测试服务器失败[SSL: UNKNOWN_PROTOCOL] unknown protocol (_ssl.c:777) [in E:/python/spider_fxw/spider.py:107]
2018-05-08 22:43:56,484 INFO: ============================================= [in E:/python/spider_fxw/spider.py:84]
2018-05-08 22:43:56,484 INFO: 连接服务器 smtp.gmail.com [in E:/python/spider_fxw/spider.py:85]
2018-05-08 22:43:56,909 INFO: 测试服务器失败[SSL: UNKNOWN_PROTOCOL] unknown protocol (_ssl.c:777) [in E:/python/spider_fxw/spider.py:107]
2018-05-08 22:43:56,909 INFO: ============================================= [in E:/python/spider_fxw/spider.py:84]
2018-05-08 22:43:56,909 INFO: 连接服务器 smtp.sina.com [in E:/python/spider_fxw/spider.py:85]
2018-05-08 22:43:57,692 INFO: 测试服务器失败[SSL: UNKNOWN_PROTOCOL] unknown protocol (_ssl.c:777) [in E:/python/spider_fxw/spider.py:107]
2018-05-08 22:43:57,692 INFO: ============================================= [in E:/python/spider_fxw/spider.py:84]
2018-05-08 22:43:57,693 INFO: 连接服务器 mail.gmx.com [in E:/python/spider_fxw/spider.py:85]
2018-05-08 22:44:29,770 INFO: ============================================= [in E:/python/spider_fxw/spider.py:84]
2018-05-08 22:44:29,771 INFO: 连接服务器 smtp.qq.com [in E:/python/spider_fxw/spider.py:85]
2018-05-08 22:44:29,973 INFO: 测试服务器失败[SSL: UNKNOWN_PROTOCOL] unknown protocol (_ssl.c:777) [in E:/python/spider_fxw/spider.py:107]
2018-05-08 22:44:29,974 INFO: ============================================= [in E:/python/spider_fxw/spider.py:84]
2018-05-08 22:44:29,974 INFO: 连接服务器 smtp.gmail.com [in E:/python/spider_fxw/spider.py:85]
2018-05-08 22:44:30,644 INFO: 测试服务器失败[SSL: UNKNOWN_PROTOCOL] unknown protocol (_ssl.c:777) [in E:/python/spider_fxw/spider.py:107]
2018-05-08 22:44:30,644 INFO: ============================================= [in E:/python/spider_fxw/spider.py:84]
2018-05-08 22:44:30,645 INFO: 连接服务器 smtp.sina.com [in E:/python/spider_fxw/spider.py:85]
2018-05-08 22:44:31,016 INFO: 测试服务器失败[SSL: UNKNOWN_PROTOCOL] unknown protocol (_ssl.c:777) [in E:/python/spider_fxw/spider.py:107]
2018-05-08 22:44:31,017 INFO: ============================================= [in E:/python/spider_fxw/spider.py:84]
2018-05-08 22:44:31,017 INFO: 连接服务器 mail.gmx.com [in E:/python/spider_fxw/spider.py:85]
2018-05-08 22:44:31,549 INFO: 测试服务器失败[SSL: UNKNOWN_PROTOCOL] unknown protocol (_ssl.c:777) [in E:/python/spider_fxw/spider.py:107]
2018-05-08 22:44:40,274 INFO: ============================================= [in E:/python/spider_fxw/spider.py:84]
2018-05-08 22:44:40,275 INFO: 连接服务器 smtp.qq.com [in E:/python/spider_fxw/spider.py:85]
2018-05-08 22:44:40,299 INFO: 连接服务器 服务就绪 [in E:/python/spider_fxw/spider.py:93]
2018-05-08 22:44:40,328 INFO: 测试服务器失败(530, b'Must issue a STARTTLS command first.') [in E:/python/spider_fxw/spider.py:107]
2018-05-08 22:44:40,329 INFO: ============================================= [in E:/python/spider_fxw/spider.py:84]
2018-05-08 22:44:40,329 INFO: 连接服务器 smtp.gmail.com [in E:/python/spider_fxw/spider.py:85]
2018-05-08 22:44:40,999 INFO: 连接服务器 服务就绪 [in E:/python/spider_fxw/spider.py:93]
2018-05-08 22:44:41,159 INFO: 测试服务器失败Connection unexpectedly closed [in E:/python/spider_fxw/spider.py:107]
2018-05-08 22:44:41,159 INFO: ============================================= [in E:/python/spider_fxw/spider.py:84]
2018-05-08 22:44:41,159 INFO: 连接服务器 smtp.sina.com [in E:/python/spider_fxw/spider.py:85]
2018-05-08 22:44:41,530 INFO: 连接服务器 服务就绪 [in E:/python/spider_fxw/spider.py:93]
2018-05-08 22:44:41,961 INFO: 登录成功 [in E:/python/spider_fxw/spider.py:98]
2018-05-08 22:44:41,962 INFO: 测试成功：pywechat@sina.com [in E:/python/spider_fxw/spider.py:103]
2018-05-08 22:44:41,962 INFO: ============================================= [in E:/python/spider_fxw/spider.py:84]
2018-05-08 22:44:41,962 INFO: 连接服务器 mail.gmx.com [in E:/python/spider_fxw/spider.py:85]
2018-05-08 22:44:42,487 INFO: 连接服务器 错误:554 b'gmx.com (mrgmx001) Nemesis ESMTP Service not available\nNo SMTP service\nIP address is black listed.' [in E:/python/spider_fxw/spider.py:95]
2018-05-08 22:44:42,487 INFO: 测试服务器失败Connection unexpectedly closed [in E:/python/spider_fxw/spider.py:107]
2018-05-08 22:45:41,003 INFO: ============================================= [in E:/python/spider_fxw/spider.py:84]
2018-05-08 22:45:41,003 INFO: 连接服务器 smtp.qq.com [in E:/python/spider_fxw/spider.py:85]
2018-05-08 22:45:41,676 INFO: 测试服务器失败(535, b'Error: \xc7\xeb\xca\xb9\xd3\xc3\xca\xda\xc8\xa8\xc2\xeb\xb5\xc7\xc2\xbc\xa1\xa3\xcf\xea\xc7\xe9\xc7\xeb\xbf\xb4: http://service.mail.qq.com/cgi-bin/help?subtype=1&&id=28&&no=1001256') [in E:/python/spider_fxw/spider.py:108]
2018-05-08 22:45:41,677 INFO: ============================================= [in E:/python/spider_fxw/spider.py:84]
2018-05-08 22:45:41,677 INFO: 连接服务器 smtp.gmail.com [in E:/python/spider_fxw/spider.py:85]
2018-05-08 22:45:42,072 INFO: 测试服务器失败Connection unexpectedly closed [in E:/python/spider_fxw/spider.py:108]
2018-05-08 22:45:42,073 INFO: ============================================= [in E:/python/spider_fxw/spider.py:84]
2018-05-08 22:45:42,073 INFO: 连接服务器 smtp.sina.com [in E:/python/spider_fxw/spider.py:85]
2018-05-08 22:45:43,074 INFO: 登录成功 [in E:/python/spider_fxw/spider.py:99]
2018-05-08 22:45:43,074 INFO: 测试成功：pywechat@sina.com [in E:/python/spider_fxw/spider.py:104]
2018-05-08 22:45:43,074 INFO: ============================================= [in E:/python/spider_fxw/spider.py:84]
2018-05-08 22:45:43,074 INFO: 连接服务器 mail.gmx.com [in E:/python/spider_fxw/spider.py:85]
2018-05-08 22:46:05,987 INFO: ============================================= [in E:/python/spider_fxw/spider.py:84]
2018-05-08 22:46:05,988 INFO: 连接服务器 smtp.qq.com [in E:/python/spider_fxw/spider.py:85]
2018-05-08 22:46:22,826 INFO: ============================================= [in E:/python/spider_fxw/spider.py:84]
2018-05-08 22:46:22,826 INFO: 连接服务器 smtp.qq.com [in E:/python/spider_fxw/spider.py:85]
2018-05-08 22:46:23,621 INFO: 测试服务器失败(535, b'Error: \xc7\xeb\xca\xb9\xd3\xc3\xca\xda\xc8\xa8\xc2\xeb\xb5\xc7\xc2\xbc\xa1\xa3\xcf\xea\xc7\xe9\xc7\xeb\xbf\xb4: http://service.mail.qq.com/cgi-bin/help?subtype=1&&id=28&&no=1001256') [in E:/python/spider_fxw/spider.py:108]
2018-05-08 22:46:23,622 INFO: ============================================= [in E:/python/spider_fxw/spider.py:84]
2018-05-08 22:46:23,622 INFO: 连接服务器 smtp.gmail.com [in E:/python/spider_fxw/spider.py:85]
2018-05-08 22:46:24,021 INFO: 测试服务器失败Connection unexpectedly closed [in E:/python/spider_fxw/spider.py:108]
2018-05-08 22:46:24,022 INFO: ============================================= [in E:/python/spider_fxw/spider.py:84]
2018-05-08 22:46:24,022 INFO: 连接服务器 smtp.sina.com [in E:/python/spider_fxw/spider.py:85]
2018-05-08 22:46:24,764 INFO: 登录成功 [in E:/python/spider_fxw/spider.py:99]
2018-05-08 22:46:24,764 INFO: 测试成功：pywechat@sina.com [in E:/python/spider_fxw/spider.py:104]
2018-05-08 22:46:24,764 INFO: ============================================= [in E:/python/spider_fxw/spider.py:84]
2018-05-08 22:46:24,764 INFO: 连接服务器 mail.gmx.com [in E:/python/spider_fxw/spider.py:85]
2018-05-08 22:47:01,728 INFO: ============================================= [in E:/python/spider_fxw/spider.py:84]
2018-05-08 22:47:01,728 INFO: 连接服务器 smtp.qq.com [in E:/python/spider_fxw/spider.py:85]
2018-05-08 22:47:02,101 INFO: 登录成功 [in E:/python/spider_fxw/spider.py:99]
2018-05-08 22:47:02,101 INFO: 测试成功：1732809455@qq.com [in E:/python/spider_fxw/spider.py:104]
2018-05-08 22:47:02,101 INFO: ============================================= [in E:/python/spider_fxw/spider.py:84]
2018-05-08 22:47:02,101 INFO: 连接服务器 smtp.gmail.com [in E:/python/spider_fxw/spider.py:85]
2018-05-08 22:47:03,112 INFO: 测试服务器失败Connection unexpectedly closed [in E:/python/spider_fxw/spider.py:108]
2018-05-08 22:47:03,112 INFO: ============================================= [in E:/python/spider_fxw/spider.py:84]
2018-05-08 22:47:03,112 INFO: 连接服务器 smtp.sina.com [in E:/python/spider_fxw/spider.py:85]
2018-05-08 22:47:03,995 INFO: 登录成功 [in E:/python/spider_fxw/spider.py:99]
2018-05-08 22:47:03,995 INFO: 测试成功：pywechat@sina.com [in E:/python/spider_fxw/spider.py:104]
2018-05-08 22:47:03,995 INFO: ============================================= [in E:/python/spider_fxw/spider.py:84]
2018-05-08 22:47:03,995 INFO: 连接服务器 mail.gmx.com [in E:/python/spider_fxw/spider.py:85]
2018-05-08 22:47:57,256 INFO: ============================================= [in E:/python/spider_fxw/spider.py:84]
2018-05-08 22:47:57,256 INFO: 连接服务器 smtp.qq.com [in E:/python/spider_fxw/spider.py:85]
2018-05-08 22:47:57,607 INFO: 登录成功 [in E:/python/spider_fxw/spider.py:99]
2018-05-08 22:47:57,608 INFO: 测试成功：1732809455@qq.com [in E:/python/spider_fxw/spider.py:104]
2018-05-08 22:47:57,608 INFO: ============================================= [in E:/python/spider_fxw/spider.py:84]
2018-05-08 22:47:57,608 INFO: 连接服务器 smtp.gmail.com [in E:/python/spider_fxw/spider.py:85]
2018-05-08 22:47:58,009 INFO: 测试服务器失败Connection unexpectedly closed [in E:/python/spider_fxw/spider.py:108]
2018-05-08 22:47:58,009 INFO: ============================================= [in E:/python/spider_fxw/spider.py:84]
2018-05-08 22:47:58,010 INFO: 连接服务器 smtp.sina.com [in E:/python/spider_fxw/spider.py:85]
2018-05-08 22:47:58,633 INFO: 登录成功 [in E:/python/spider_fxw/spider.py:99]
2018-05-08 22:47:58,633 INFO: 测试成功：pywechat@sina.com [in E:/python/spider_fxw/spider.py:104]
2018-05-08 22:47:58,633 INFO: ============================================= [in E:/python/spider_fxw/spider.py:84]
2018-05-08 22:47:58,633 INFO: 连接服务器 smtp.gmx.com [in E:/python/spider_fxw/spider.py:85]
2018-05-08 22:48:14,000 INFO: ============================================= [in E:/python/spider_fxw/spider.py:84]
2018-05-08 22:48:14,000 INFO: 连接服务器 smtp.qq.com [in E:/python/spider_fxw/spider.py:85]
2018-05-08 22:48:14,341 INFO: 登录成功 [in E:/python/spider_fxw/spider.py:99]
2018-05-08 22:48:14,341 INFO: 测试成功：1732809455@qq.com [in E:/python/spider_fxw/spider.py:104]
2018-05-08 22:48:14,342 INFO: ============================================= [in E:/python/spider_fxw/spider.py:84]
2018-05-08 22:48:14,342 INFO: 连接服务器 smtp.gmail.com [in E:/python/spider_fxw/spider.py:85]
2018-05-08 22:48:14,762 INFO: 测试服务器失败Connection unexpectedly closed [in E:/python/spider_fxw/spider.py:108]
2018-05-08 22:48:14,762 INFO: ============================================= [in E:/python/spider_fxw/spider.py:84]
2018-05-08 22:48:14,762 INFO: 连接服务器 smtp.sina.com [in E:/python/spider_fxw/spider.py:85]
2018-05-08 22:48:15,681 INFO: 登录成功 [in E:/python/spider_fxw/spider.py:99]
2018-05-08 22:48:15,681 INFO: 测试成功：pywechat@sina.com [in E:/python/spider_fxw/spider.py:104]
2018-05-08 22:49:07,161 INFO: ============================================= [in E:/python/spider_fxw/spider.py:84]
2018-05-08 22:49:07,161 INFO: 连接服务器 smtp.qq.com [in E:/python/spider_fxw/spider.py:85]
2018-05-08 22:49:07,570 INFO: 登录成功 [in E:/python/spider_fxw/spider.py:99]
2018-05-08 22:49:07,570 INFO: 测试成功：1732809455@qq.com [in E:/python/spider_fxw/spider.py:104]
2018-05-08 22:49:07,570 INFO: ============================================= [in E:/python/spider_fxw/spider.py:84]
2018-05-08 22:49:07,570 INFO: 连接服务器 smtp.gmail.com [in E:/python/spider_fxw/spider.py:85]
2018-05-08 22:49:07,988 INFO: 测试服务器失败Connection unexpectedly closed [in E:/python/spider_fxw/spider.py:108]
2018-05-08 22:49:07,988 INFO: ============================================= [in E:/python/spider_fxw/spider.py:84]
2018-05-08 22:49:07,989 INFO: 连接服务器 smtp.sina.com [in E:/python/spider_fxw/spider.py:85]
2018-05-08 22:49:08,680 INFO: 登录成功 [in E:/python/spider_fxw/spider.py:99]
2018-05-08 22:49:08,680 INFO: 测试成功：pywechat@sina.com [in E:/python/spider_fxw/spider.py:104]
2018-05-08 23:07:56,233 INFO: ============================================= [in E:/python/spider_fxw/spider.py:84]
2018-05-08 23:07:56,233 INFO: 连接服务器 smtp.qq.com [in E:/python/spider_fxw/spider.py:85]
2018-05-08 23:07:56,534 INFO: 登录成功 [in E:/python/spider_fxw/spider.py:99]
2018-05-08 23:07:56,535 INFO: 测试成功：1732809455@qq.com [in E:/python/spider_fxw/spider.py:104]
2018-05-08 23:07:56,535 INFO: ============================================= [in E:/python/spider_fxw/spider.py:84]
2018-05-08 23:07:56,535 INFO: 连接服务器 smtp.gmail.com [in E:/python/spider_fxw/spider.py:85]
2018-05-08 23:09:31,518 INFO: ============================================= [in E:/python/spider_fxw/spider.py:84]
2018-05-08 23:09:31,518 INFO: 连接服务器 smtp.qq.com [in E:/python/spider_fxw/spider.py:85]
2018-05-08 23:09:31,887 INFO: 登录成功 [in E:/python/spider_fxw/spider.py:99]
2018-05-08 23:09:31,887 INFO: 测试成功：1732809455@qq.com [in E:/python/spider_fxw/spider.py:104]
2018-05-08 23:09:31,887 INFO: ============================================= [in E:/python/spider_fxw/spider.py:84]
2018-05-08 23:09:31,887 INFO: 连接服务器 smtp.gmail.com [in E:/python/spider_fxw/spider.py:85]
2018-05-08 23:10:10,285 INFO: 测试服务器失败Connection unexpectedly closed [in E:/python/spider_fxw/spider.py:108]
2018-05-08 23:10:10,286 INFO: ============================================= [in E:/python/spider_fxw/spider.py:84]
2018-05-08 23:10:10,286 INFO: 连接服务器 smtp.sina.com [in E:/python/spider_fxw/spider.py:85]
2018-05-08 23:10:11,217 INFO: 登录成功 [in E:/python/spider_fxw/spider.py:99]
2018-05-08 23:10:11,218 INFO: 测试成功：pywechat@sina.com [in E:/python/spider_fxw/spider.py:104]
